<?xml version="1.0" encoding="UTF-8"?>
<robot generator="Robot 5.0.1 (Python 3.8.10 on linux)" generated="20220924 16:11:12.858" rpa="false" schemaversion="3">
<suite id="s1" name="Project" source="/home/lim/QAProject/AutomationProject/project.robot">
<test id="s1-t1" name="Login To Deriv App" line="88">
<kw name="Open Browser" library="SeleniumLibrary">
<arg>${AppURL}</arg>
<arg>chrome</arg>
<doc>Opens a new browser instance to the optional ``url``.</doc>
<msg timestamp="20220924 16:11:12.941" level="INFO">Opening browser 'chrome' to base url 'https://app.deriv.com'.</msg>
<status status="PASS" starttime="20220924 16:11:12.941" endtime="20220924 16:11:20.497"/>
</kw>
<kw name="Maximize Browser Window" library="SeleniumLibrary">
<doc>Maximizes current browser window.</doc>
<status status="PASS" starttime="20220924 16:11:20.497" endtime="20220924 16:11:20.609"/>
</kw>
<kw name="Wait Until Element Is Visible" library="SeleniumLibrary">
<arg>${loginButton}</arg>
<arg>60</arg>
<doc>Waits until the element ``locator`` is visible.</doc>
<status status="PASS" starttime="20220924 16:11:20.609" endtime="20220924 16:11:20.635"/>
</kw>
<kw name="Click Element" library="SeleniumLibrary">
<arg>${loginButton}</arg>
<doc>Click the element identified by ``locator``.</doc>
<msg timestamp="20220924 16:11:20.635" level="INFO">Clicking element '//button[@id='dt_login_button']'.</msg>
<status status="PASS" starttime="20220924 16:11:20.635" endtime="20220924 16:11:23.112"/>
</kw>
<kw name="Wait Until Page Contains Element" library="SeleniumLibrary">
<arg>${inputEmail}</arg>
<arg>30</arg>
<doc>Waits until the element ``locator`` appears on the current page.</doc>
<status status="PASS" starttime="20220924 16:11:23.112" endtime="20220924 16:11:23.140"/>
</kw>
<kw name="Input Text" library="SeleniumLibrary">
<arg>${inputEmail}</arg>
<arg>sheng.yuan@besquare.com.my</arg>
<doc>Types the given ``text`` into the text field identified by ``locator``.</doc>
<msg timestamp="20220924 16:11:23.141" level="INFO">Typing text 'sheng.yuan@besquare.com.my' into text field '//input[@type='email']'.</msg>
<status status="PASS" starttime="20220924 16:11:23.140" endtime="20220924 16:11:23.195"/>
</kw>
<kw name="Input Text" library="SeleniumLibrary">
<arg>${inputPassword}</arg>
<arg>Lsy@1103</arg>
<doc>Types the given ``text`` into the text field identified by ``locator``.</doc>
<msg timestamp="20220924 16:11:23.195" level="INFO">Typing text 'Lsy@1103' into text field '//input[@type='password']'.</msg>
<status status="PASS" starttime="20220924 16:11:23.195" endtime="20220924 16:11:23.249"/>
</kw>
<kw name="Click Element" library="SeleniumLibrary">
<arg>${submitButton}</arg>
<doc>Click the element identified by ``locator``.</doc>
<msg timestamp="20220924 16:11:23.249" level="INFO">Clicking element '//button[@type='submit']'.</msg>
<status status="PASS" starttime="20220924 16:11:23.249" endtime="20220924 16:11:26.274"/>
</kw>
<status status="PASS" starttime="20220924 16:11:12.940" endtime="20220924 16:11:26.274"/>
</test>
<test id="s1-t2" name="Switch To Virtual Account" line="99">
<kw name="Wait Until Page Does Not Contain Element" library="SeleniumLibrary">
<arg>${accountLoader}</arg>
<arg>60</arg>
<doc>Waits until the element ``locator`` disappears from the current page.</doc>
<status status="PASS" starttime="20220924 16:11:26.276" endtime="20220924 16:11:27.990"/>
</kw>
<kw name="Wait Until Page Does Not Contain Element" library="SeleniumLibrary">
<arg>${chartLoader}</arg>
<arg>60</arg>
<doc>Waits until the element ``locator`` disappears from the current page.</doc>
<status status="PASS" starttime="20220924 16:11:27.991" endtime="20220924 16:11:28.754"/>
</kw>
<kw name="Wait Until Page Contains Element" library="SeleniumLibrary">
<arg>${contractLoader}</arg>
<arg>60</arg>
<doc>Waits until the element ``locator`` appears on the current page.</doc>
<status status="PASS" starttime="20220924 16:11:28.754" endtime="20220924 16:11:28.786"/>
</kw>
<kw name="Wait Until Page Contains Element" library="SeleniumLibrary">
<arg>${accountInfo}</arg>
<arg>60</arg>
<doc>Waits until the element ``locator`` appears on the current page.</doc>
<status status="PASS" starttime="20220924 16:11:28.786" endtime="20220924 16:11:28.798"/>
</kw>
<kw name="Wait Until Element Is Visible" library="SeleniumLibrary">
<arg>${accountInfo}</arg>
<arg>60</arg>
<doc>Waits until the element ``locator`` is visible.</doc>
<status status="PASS" starttime="20220924 16:11:28.799" endtime="20220924 16:11:28.857"/>
</kw>
<kw name="Click Element" library="SeleniumLibrary">
<arg>${accountInfo}</arg>
<doc>Click the element identified by ``locator``.</doc>
<msg timestamp="20220924 16:11:28.858" level="INFO">Clicking element '//div[@id='dt_core_account-info_acc-info']'.</msg>
<status status="PASS" starttime="20220924 16:11:28.857" endtime="20220924 16:11:29.021"/>
</kw>
<kw name="Wait Until Element Is Visible" library="SeleniumLibrary">
<arg>${realAccountIcon}</arg>
<arg>60</arg>
<doc>Waits until the element ``locator`` is visible.</doc>
<status status="PASS" starttime="20220924 16:11:29.021" endtime="20220924 16:11:29.052"/>
</kw>
<kw name="Page Should Contain Element" library="SeleniumLibrary">
<arg>${realAccountIcon}</arg>
<arg>60</arg>
<doc>Verifies that element ``locator`` is found on the current page.</doc>
<msg timestamp="20220924 16:11:29.064" level="INFO">Current page contains element '//*[@class='dc-icon acc-info__id-icon acc-info__id-icon--usd']'.</msg>
<status status="PASS" starttime="20220924 16:11:29.053" endtime="20220924 16:11:29.064"/>
</kw>
<kw name="Click Element" library="SeleniumLibrary">
<arg>${demoAccount}</arg>
<doc>Click the element identified by ``locator``.</doc>
<msg timestamp="20220924 16:11:29.064" level="INFO">Clicking element '//li[@id='dt_core_account-switcher_demo-tab']'.</msg>
<status status="PASS" starttime="20220924 16:11:29.064" endtime="20220924 16:11:29.151"/>
</kw>
<kw name="Wait Until Element Is Visible" library="SeleniumLibrary">
<arg>${demoAccountIcon}</arg>
<arg>60</arg>
<doc>Waits until the element ``locator`` is visible.</doc>
<status status="PASS" starttime="20220924 16:11:29.151" endtime="20220924 16:11:29.507"/>
</kw>
<kw name="Page Should Contain Element" library="SeleniumLibrary">
<arg>${demoAccountIcon}</arg>
<arg>60</arg>
<doc>Verifies that element ``locator`` is found on the current page.</doc>
<msg timestamp="20220924 16:11:29.561" level="INFO">Current page contains element '//*[@class='dc-icon acc-switcher__id-icon']'.</msg>
<status status="PASS" starttime="20220924 16:11:29.507" endtime="20220924 16:11:29.561"/>
</kw>
<kw name="Click Element" library="SeleniumLibrary">
<arg>${switchAccout}</arg>
<doc>Click the element identified by ``locator``.</doc>
<msg timestamp="20220924 16:11:29.562" level="INFO">Clicking element '//span[@class='acc-switcher__id']'.</msg>
<status status="PASS" starttime="20220924 16:11:29.561" endtime="20220924 16:11:29.752"/>
</kw>
<status status="PASS" starttime="20220924 16:11:26.275" endtime="20220924 16:11:29.754"/>
</test>
<test id="s1-t3" name="Buy Rise Contract" line="114">
<kw name="Wait Until Page Does Not Contain Element" library="SeleniumLibrary">
<arg>${accountLoader}</arg>
<arg>60</arg>
<doc>Waits until the element ``locator`` disappears from the current page.</doc>
<status status="PASS" starttime="20220924 16:11:29.758" endtime="20220924 16:11:35.732"/>
</kw>
<kw name="Wait Until Page Contains Element" library="SeleniumLibrary">
<arg>${contractLoader}</arg>
<arg>60</arg>
<doc>Waits until the element ``locator`` appears on the current page.</doc>
<status status="PASS" starttime="20220924 16:11:35.732" endtime="20220924 16:11:35.848"/>
</kw>
<kw name="Click Element" library="SeleniumLibrary">
<arg>${contractsButton}</arg>
<doc>Click the element identified by ``locator``.</doc>
<msg timestamp="20220924 16:11:35.849" level="INFO">Clicking element '//div[@class='cq-symbol-select-btn']'.</msg>
<status status="PASS" starttime="20220924 16:11:35.848" endtime="20220924 16:11:35.897"/>
</kw>
<kw name="Wait Until Page Contains Element" library="SeleniumLibrary">
<arg>${dropdownContent}</arg>
<arg>60</arg>
<doc>